[debug] [2024-12-08T15:49:10.521Z] ----------------------------------------------------------------------
[debug] [2024-12-08T15:49:10.523Z] Command:       C:\Program Files\nodejs\node.exe C:\Users\hp\AppData\Roaming\npm\node_modules\firebase-tools\lib\bin\firebase.js init
[debug] [2024-12-08T15:49:10.523Z] CLI Version:   13.28.0
[debug] [2024-12-08T15:49:10.524Z] Platform:      win32
[debug] [2024-12-08T15:49:10.524Z] Node Version:  v22.12.0
[debug] [2024-12-08T15:49:10.524Z] Time:          Sun Dec 08 2024 21:19:10 GMT+0530 (India Standard Time)
[debug] [2024-12-08T15:49:10.524Z] ----------------------------------------------------------------------
[debug] 
[debug] [2024-12-08T15:49:10.530Z] > command requires scopes: ["email","openid","https://www.googleapis.com/auth/cloudplatformprojects.readonly","https://www.googleapis.com/auth/firebase","https://www.googleapis.com/auth/cloud-platform"]
[debug] [2024-12-08T15:49:10.530Z] > authorizing via signed-in user (raipriyam026@gmail.com)
[info] 
     ######## #### ########  ######## ########     ###     ######  ########
     ##        ##  ##     ## ##       ##     ##  ##   ##  ##       ##
     ######    ##  ########  ######   ########  #########  ######  ######
     ##        ##  ##    ##  ##       ##     ## ##     ##       ## ##
     ##       #### ##     ## ######## ########  ##     ##  ######  ########

You're about to initialize a Firebase project in this directory:

  D:\R'25 induction task\time tracking dashboard - frontend

[info] 
=== Project Setup
[info] 
[info] First, let's associate this project directory with a Firebase project.
[info] You can create multiple project aliases by running firebase use --add, 
[info] but for now we'll just set up a default project.
[info] 
[debug] [2024-12-08T15:57:09.041Z] Checked if tokens are valid: true, expires at: 1733676526161
[debug] [2024-12-08T15:57:09.041Z] Checked if tokens are valid: true, expires at: 1733676526161
[debug] [2024-12-08T15:57:09.044Z] >>> [apiv2][query] GET https://firebase.googleapis.com/v1beta1/projects pageSize=100
[debug] [2024-12-08T15:57:09.938Z] <<< [apiv2][status] GET https://firebase.googleapis.com/v1beta1/projects 200
[debug] [2024-12-08T15:57:09.938Z] <<< [apiv2][body] GET https://firebase.googleapis.com/v1beta1/projects [omitted]
[info] i  Using project time-tracking-dashboard-56851 (time tracking dashboard) 
[info] 
=== Hosting Setup
[debug] [2024-12-08T15:57:15.003Z] Checked if tokens are valid: true, expires at: 1733676526161
[debug] [2024-12-08T15:57:15.003Z] Checked if tokens are valid: true, expires at: 1733676526161
[debug] [2024-12-08T15:57:15.004Z] >>> [apiv2][query] GET https://firebase.googleapis.com/v1beta1/projects/time-tracking-dashboard-56851 [none]
[debug] [2024-12-08T15:57:15.876Z] <<< [apiv2][status] GET https://firebase.googleapis.com/v1beta1/projects/time-tracking-dashboard-56851 200
[debug] [2024-12-08T15:57:15.877Z] <<< [apiv2][body] GET https://firebase.googleapis.com/v1beta1/projects/time-tracking-dashboard-56851 {"projectId":"time-tracking-dashboard-56851","projectNumber":"29870144849","displayName":"time tracking dashboard","name":"projects/time-tracking-dashboard-56851","resources":{"hostingSite":"time-tracking-dashboard-56851"},"state":"ACTIVE","etag":"1_c3764753-3114-484e-81b0-2dcde4be7a87"}
[info] 
[info] Your public directory is the folder (relative to your project directory) that
[info] will contain Hosting assets to be uploaded with firebase deploy. If you
[info] have a build process for your assets, use your build's output directory.
[info] 
[debug] [2024-12-08T15:58:53.835Z] >>> [apiv2][query] GET https://www.gstatic.com/firebasejs/releases.json [none]
[debug] [2024-12-08T15:58:54.093Z] <<< [apiv2][status] GET https://www.gstatic.com/firebasejs/releases.json 200
[debug] [2024-12-08T15:58:54.094Z] <<< [apiv2][body] GET https://www.gstatic.com/firebasejs/releases.json {"current":{"version":"11.0.2","browserURL":"https://www.gstatic.com/firebasejs/11.0.2/firebase.js","packageURL":"https://www.gstatic.com/firebasejs/11.0.2/firebase.tgz"},"live":{"version":"11.0","browserURL":"https://www.gstatic.com/firebasejs/live/11.0/firebase.js","packageURL":"https://www.gstatic.com/firebasejs/live/11.0/firebase.tgz"},"components":{"analytics":"https://www.gstatic.com/firebasejs/11.0.2/firebase-analytics.js","app":"https://www.gstatic.com/firebasejs/11.0.2/firebase-app.js","app-check":"https://www.gstatic.com/firebasejs/11.0.2/firebase-app-check.js","auth":"https://www.gstatic.com/firebasejs/11.0.2/firebase-auth.js","auth/cordova":"https://www.gstatic.com/firebasejs/11.0.2/firebase-auth/cordova.js","auth/web-extension":"https://www.gstatic.com/firebasejs/11.0.2/firebase-auth/web-extension.js","functions":"https://www.gstatic.com/firebasejs/11.0.2/firebase-functions.js","firestore":"https://www.gstatic.com/firebasejs/11.0.2/firebase-firestore.js","firestore/lite":"https://www.gstatic.com/firebasejs/11.0.2/firebase-firestore/lite.js","installations":"https://www.gstatic.com/firebasejs/11.0.2/firebase-installations.js","storage":"https://www.gstatic.com/firebasejs/11.0.2/firebase-storage.js","performance":"https://www.gstatic.com/firebasejs/11.0.2/firebase-performance.js","remote-config":"https://www.gstatic.com/firebasejs/11.0.2/firebase-remote-config.js","messaging":"https://www.gstatic.com/firebasejs/11.0.2/firebase-messaging.js","messaging/sw":"https://www.gstatic.com/firebasejs/11.0.2/firebase-messaging/sw.js","database":"https://www.gstatic.com/firebasejs/11.0.2/firebase-database.js","vertexai":"https://www.gstatic.com/firebasejs/11.0.2/firebase-vertexai.js","data-connect":"https://www.gstatic.com/firebasejs/11.0.2/firebase-data-connect.js","firestore.memory":"https://www.gstatic.com/firebasejs/11.0.2/firebase-firestore.memory.js"}}
[info] +  Wrote public/index.html 
[info] 
[info] i  Didn't detect a .git folder. Assuming D:\R'25 induction task\time tracking dashboard - frontend is the project root. 
[info] i  Authorizing with GitHub to upload your service account to a GitHub repository's secrets store. 
[info] 
[info] Visit this URL on this device to log in:
[info] https://github.com/login/oauth/authorize?client_id=89cf50f02ac6aaed3484&state=973795238&redirect_uri=http%3A%2F%2Flocalhost%3A9005&scope=read%3Auser%20repo%20public_repo
[info] 
[info] Waiting for authentication...
[debug] [2024-12-08T15:59:23.068Z] >>> [apiv2][query] POST https://github.com/login/oauth/access_token [none]
[debug] [2024-12-08T15:59:23.068Z] >>> [apiv2][body] POST https://github.com/login/oauth/access_token [stream]
[debug] [2024-12-08T15:59:23.673Z] <<< [apiv2][status] POST https://github.com/login/oauth/access_token 200
[debug] [2024-12-08T15:59:23.673Z] <<< [apiv2][body] POST https://github.com/login/oauth/access_token {"access_token":"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","token_type":"bearer","scope":"read:user,repo"}
[debug] [2024-12-08T15:59:23.683Z] >>> [apiv2][query] GET https://api.github.com/user [none]
[debug] [2024-12-08T15:59:24.221Z] <<< [apiv2][status] GET https://api.github.com/user 200
[debug] [2024-12-08T15:59:24.221Z] <<< [apiv2][body] GET https://api.github.com/user {"login":"prirai007","id":138362831,"node_id":"U_kgDOCD8_zw","avatar_url":"https://avatars.githubusercontent.com/u/138362831?v=4","gravatar_id":"","url":"https://api.github.com/users/prirai007","html_url":"https://github.com/prirai007","followers_url":"https://api.github.com/users/prirai007/followers","following_url":"https://api.github.com/users/prirai007/following{/other_user}","gists_url":"https://api.github.com/users/prirai007/gists{/gist_id}","starred_url":"https://api.github.com/users/prirai007/starred{/owner}{/repo}","subscriptions_url":"https://api.github.com/users/prirai007/subscriptions","organizations_url":"https://api.github.com/users/prirai007/orgs","repos_url":"https://api.github.com/users/prirai007/repos","events_url":"https://api.github.com/users/prirai007/events{/privacy}","received_events_url":"https://api.github.com/users/prirai007/received_events","type":"User","user_view_type":"private","site_admin":false,"name":null,"company":null,"blog":"","location":null,"email":null,"hireable":null,"bio":null,"twitter_username":null,"notification_email":null,"public_repos":18,"public_gists":0,"followers":0,"following":3,"created_at":"2023-07-02T08:49:51Z","updated_at":"2024-12-08T05:31:13Z","private_gists":0,"total_private_repos":2,"owned_private_repos":2,"disk_usage":37119,"collaborators":2,"two_factor_authentication":true,"plan":{"name":"pro","space":976562499,"collaborators":0,"private_repos":9999}}
[info] 
[info] +  Success! Logged into GitHub as prirai007 
[info] 
[debug] [2024-12-08T16:00:57.821Z] >>> [apiv2][query] GET https://api.github.com/repos//actions/secrets/public-key type=owner
[debug] [2024-12-08T16:00:58.348Z] <<< [apiv2][status] GET https://api.github.com/repos//actions/secrets/public-key 404
[debug] [2024-12-08T16:00:58.349Z] <<< [apiv2][body] GET https://api.github.com/repos//actions/secrets/public-key {"message":"Not Found","documentation_url":"https://docs.github.com/rest","status":"404"}
[info] 
[info] 
[error] !  The provided authorization cannot be used with this repository. If this repository is in an organization, did you remember to grant access? 
[info] 
[info] i  Action required: Visit this URL to ensure access has been granted to the appropriate organization(s) for the Firebase CLI GitHub OAuth App: 
[info] https://github.com/settings/connections/applications/89cf50f02ac6aaed3484
[info] 
[debug] [2024-12-08T16:01:01.843Z] >>> [apiv2][query] GET https://api.github.com/repos//actions/secrets/public-key type=owner
[debug] [2024-12-08T16:01:02.175Z] <<< [apiv2][status] GET https://api.github.com/repos//actions/secrets/public-key 404
[debug] [2024-12-08T16:01:02.175Z] <<< [apiv2][body] GET https://api.github.com/repos//actions/secrets/public-key {"message":"Not Found","documentation_url":"https://docs.github.com/rest","status":"404"}
[info] 
[info] 
[error] !  The provided authorization cannot be used with this repository. If this repository is in an organization, did you remember to grant access? 
[info] 
[info] i  Action required: Visit this URL to ensure access has been granted to the appropriate organization(s) for the Firebase CLI GitHub OAuth App: 
[info] https://github.com/settings/connections/applications/89cf50f02ac6aaed3484
[info] 
